<?xml version="1.0" encoding="UTF-8"?>
<!-- Generated by org.testng.reporters.JUnitReportReporter -->
<testsuite skipped="3" hostname="DESKTOP-8BE63OI" name="com.regression.CNN_Testing" tests="4" failures="0" timestamp="25 Apr 2020 15:41:37 GMT" time="17.110" errors="1">
  <testcase name="Market_03" time="0.000" classname="com.regression.CNN_Testing">
    <skipped/>
  </testcase> <!-- Market_03 -->
  <testcase name="setup1" time="17.110" classname="com.regression.CNN_Testing">
    <error type="org.openqa.selenium.SessionNotCreatedException" message="session not created
from chrome not reachable
  (Session info: chrome=81.0.4044.122)
Build info: version: &#039;3.141.59&#039;, revision: &#039;e82be7d358&#039;, time: &#039;2018-11-14T08:17:03&#039;
System info: host: &#039;DESKTOP-8BE63OI&#039;, ip: &#039;192.168.1.174&#039;, os.name: &#039;Windows 10&#039;, os.arch: &#039;amd64&#039;, os.version: &#039;10.0&#039;, java.version: &#039;1.8.0_221&#039;
Driver info: driver.version: ChromeDriver
remote stacktrace: Backtrace:
	Ordinal0 [0x00B10C83+1707139]
	Ordinal0 [0x00A768F1+1075441]
	Ordinal0 [0x009EDE72+515698]
	Ordinal0 [0x009E7CA8+490664]
	Ordinal0 [0x009E839B+492443]
	Ordinal0 [0x009E92F5+496373]
	Ordinal0 [0x009E4F05+478981]
	Ordinal0 [0x009EECA0+519328]
	Ordinal0 [0x0099CA67+182887]
	Ordinal0 [0x0099BDDD+179677]
	Ordinal0 [0x00999D4B+171339]
	Ordinal0 [0x00981D4A+73034]
	Ordinal0 [0x00982DC0+77248]
	Ordinal0 [0x00982D59+77145]
	Ordinal0 [0x00A8BB67+1162087]
	GetHandleVerifier [0x00BAA966+508998]
	GetHandleVerifier [0x00BAA6A4+508292]
	GetHandleVerifier [0x00BBF7B7+594583]
	GetHandleVerifier [0x00BAB1D6+511158]
	Ordinal0 [0x00A8402C+1130540]
	Ordinal0 [0x00A8D4CB+1168587]
	Ordinal0 [0x00A8D633+1168947]
	Ordinal0 [0x00AA5B35+1268533]
	BaseThreadInitThunk [0x768A6359+25]
	RtlGetAppContainerNamedObjectPath [0x777C7C14+228]
	RtlGetAppContainerNamedObjectPath [0x777C7BE4+180]
">
      <![CDATA[org.openqa.selenium.SessionNotCreatedException: session not created
from chrome not reachable
  (Session info: chrome=81.0.4044.122)
Build info: version: '3.141.59', revision: 'e82be7d358', time: '2018-11-14T08:17:03'
System info: host: 'DESKTOP-8BE63OI', ip: '192.168.1.174', os.name: 'Windows 10', os.arch: 'amd64', os.version: '10.0', java.version: '1.8.0_221'
Driver info: driver.version: ChromeDriver
remote stacktrace: Backtrace:
Ordinal0 [0x00B10C83+1707139]
Ordinal0 [0x00A768F1+1075441]
Ordinal0 [0x009EDE72+515698]
Ordinal0 [0x009E7CA8+490664]
Ordinal0 [0x009E839B+492443]
Ordinal0 [0x009E92F5+496373]
Ordinal0 [0x009E4F05+478981]
Ordinal0 [0x009EECA0+519328]
Ordinal0 [0x0099CA67+182887]
Ordinal0 [0x0099BDDD+179677]
Ordinal0 [0x00999D4B+171339]
Ordinal0 [0x00981D4A+73034]
Ordinal0 [0x00982DC0+77248]
Ordinal0 [0x00982D59+77145]
Ordinal0 [0x00A8BB67+1162087]
GetHandleVerifier [0x00BAA966+508998]
GetHandleVerifier [0x00BAA6A4+508292]
GetHandleVerifier [0x00BBF7B7+594583]
GetHandleVerifier [0x00BAB1D6+511158]
Ordinal0 [0x00A8402C+1130540]
Ordinal0 [0x00A8D4CB+1168587]
Ordinal0 [0x00A8D633+1168947]
Ordinal0 [0x00AA5B35+1268533]
BaseThreadInitThunk [0x768A6359+25]
RtlGetAppContainerNamedObjectPath [0x777C7C14+228]
RtlGetAppContainerNamedObjectPath [0x777C7BE4+180]

at sun.reflect.NativeConstructorAccessorImpl.newInstance0(Native Method)
at sun.reflect.NativeConstructorAccessorImpl.newInstance(NativeConstructorAccessorImpl.java:62)
at sun.reflect.DelegatingConstructorAccessorImpl.newInstance(DelegatingConstructorAccessorImpl.java:45)
at java.lang.reflect.Constructor.newInstance(Constructor.java:423)
at org.openqa.selenium.remote.W3CHandshakeResponse.lambda$errorHandler$0(W3CHandshakeResponse.java:62)
at org.openqa.selenium.remote.HandshakeResponse.lambda$getResponseFunction$0(HandshakeResponse.java:30)
at org.openqa.selenium.remote.ProtocolHandshake.lambda$createSession$0(ProtocolHandshake.java:126)
at java.util.stream.ReferencePipeline$3$1.accept(ReferencePipeline.java:193)
at java.util.Spliterators$ArraySpliterator.tryAdvance(Spliterators.java:958)
at java.util.stream.ReferencePipeline.forEachWithCancel(ReferencePipeline.java:126)
at java.util.stream.AbstractPipeline.copyIntoWithCancel(AbstractPipeline.java:499)
at java.util.stream.AbstractPipeline.copyInto(AbstractPipeline.java:486)
at java.util.stream.AbstractPipeline.wrapAndCopyInto(AbstractPipeline.java:472)
at java.util.stream.FindOps$FindOp.evaluateSequential(FindOps.java:152)
at java.util.stream.AbstractPipeline.evaluate(AbstractPipeline.java:234)
at java.util.stream.ReferencePipeline.findFirst(ReferencePipeline.java:464)
at org.openqa.selenium.remote.ProtocolHandshake.createSession(ProtocolHandshake.java:128)
at org.openqa.selenium.remote.ProtocolHandshake.createSession(ProtocolHandshake.java:74)
at org.openqa.selenium.remote.HttpCommandExecutor.execute(HttpCommandExecutor.java:136)
at org.openqa.selenium.remote.service.DriverCommandExecutor.execute(DriverCommandExecutor.java:83)
at org.openqa.selenium.remote.RemoteWebDriver.execute(RemoteWebDriver.java:552)
at org.openqa.selenium.remote.RemoteWebDriver.startSession(RemoteWebDriver.java:213)
at org.openqa.selenium.remote.RemoteWebDriver.<init>(RemoteWebDriver.java:131)
at org.openqa.selenium.chrome.ChromeDriver.<init>(ChromeDriver.java:181)
at org.openqa.selenium.chrome.ChromeDriver.<init>(ChromeDriver.java:168)
at org.openqa.selenium.chrome.ChromeDriver.<init>(ChromeDriver.java:123)
at com.regression.TestCaseOne.setup(TestCaseOne.java:25)
at com.regression.CNN_Testing.setup1(CNN_Testing.java:13)
at sun.reflect.NativeMethodAccessorImpl.invoke0(Native Method)
at sun.reflect.NativeMethodAccessorImpl.invoke(NativeMethodAccessorImpl.java:62)
at sun.reflect.DelegatingMethodAccessorImpl.invoke(DelegatingMethodAccessorImpl.java:43)
at java.lang.reflect.Method.invoke(Method.java:498)
at org.testng.internal.MethodInvocationHelper.invokeMethod(MethodInvocationHelper.java:124)
at org.testng.internal.MethodInvocationHelper.invokeMethodConsideringTimeout(MethodInvocationHelper.java:59)
at org.testng.internal.Invoker.invokeConfigurationMethod(Invoker.java:458)
at org.testng.internal.Invoker.invokeConfigurations(Invoker.java:222)
at org.testng.internal.Invoker.invokeConfigurations(Invoker.java:142)
at org.testng.TestRunner.beforeRun(TestRunner.java:529)
at org.testng.TestRunner.run(TestRunner.java:497)
at org.testng.SuiteRunner.runTest(SuiteRunner.java:455)
at org.testng.SuiteRunner.runSequentially(SuiteRunner.java:450)
at org.testng.SuiteRunner.privateRun(SuiteRunner.java:415)
at org.testng.SuiteRunner.run(SuiteRunner.java:364)
at org.testng.SuiteRunnerWorker.runSuite(SuiteRunnerWorker.java:52)
at org.testng.SuiteRunnerWorker.run(SuiteRunnerWorker.java:84)
at org.testng.TestNG.runSuitesSequentially(TestNG.java:1208)
at org.testng.TestNG.runSuitesLocally(TestNG.java:1137)
at org.testng.TestNG.runSuites(TestNG.java:1049)
at org.testng.TestNG.run(TestNG.java:1017)
at org.testng.remote.AbstractRemoteTestNG.run(AbstractRemoteTestNG.java:115)
at org.testng.remote.RemoteTestNG.initAndRun(RemoteTestNG.java:251)
at org.testng.remote.RemoteTestNG.main(RemoteTestNG.java:77)
]]>
    </error>
  </testcase> <!-- setup1 -->
  <testcase name="pageTitle_02" time="0.000" classname="com.regression.CNN_Testing">
    <skipped/>
  </testcase> <!-- pageTitle_02 -->
  <testcase name="Market_04" time="0.000" classname="com.regression.CNN_Testing">
    <skipped/>
  </testcase> <!-- Market_04 -->
</testsuite> <!-- com.regression.CNN_Testing -->
